[2024-06-30 15:32:38.669] [jointLog] [info] setting maxHashResizeThreads to 8
[2024-06-30 15:32:38.670] [jointLog] [info] Fragment incompatibility prior below threshold.  Incompatible fragments will be ignored.
[2024-06-30 15:32:38.670] [jointLog] [info] Usage of --validateMappings implies use of minScoreFraction. Since not explicitly specified, it is being set to 0.65
[2024-06-30 15:32:38.670] [jointLog] [info] Setting consensusSlack to selective-alignment default of 0.35.
[2024-06-30 15:32:38.670] [jointLog] [info] parsing read library format
[2024-06-30 15:32:38.670] [jointLog] [info] There is 1 library.
[2024-06-30 15:32:38.671] [jointLog] [info] Loading pufferfish index
[2024-06-30 15:32:38.672] [jointLog] [info] Loading dense pufferfish index.
[2024-06-30 15:32:41.030] [jointLog] [info] done
[2024-06-30 15:32:41.209] [jointLog] [info] Index contained 1,870 targets
[2024-06-30 15:32:41.214] [jointLog] [info] Number of decoys : 0
[2024-06-30 15:32:43.700] [jointLog] [info] Automatically detected most likely library type as IU

[2024-06-30 15:33:43.684] [jointLog] [info] Computed 25,831 rich equivalence classes for further processing
[2024-06-30 15:33:43.684] [jointLog] [info] Counted 9,953,108 total reads in the equivalence classes 
[2024-06-30 15:33:43.693] [jointLog] [info] Number of mappings discarded because of alignment score : 85,550
[2024-06-30 15:33:43.693] [jointLog] [info] Number of fragments entirely discarded because of alignment score : 27,678
[2024-06-30 15:33:43.693] [jointLog] [info] Number of fragments discarded because they are best-mapped to decoys : 0
[2024-06-30 15:33:43.693] [jointLog] [info] Number of fragments discarded because they have only dovetail (discordant) mappings to valid targets : 576,377
[2024-06-30 15:33:43.693] [jointLog] [info] Mapping rate = 81.1606%

[2024-06-30 15:33:43.693] [jointLog] [info] finished quantifyLibrary()
[2024-06-30 15:33:43.698] [jointLog] [info] Starting optimizer
[2024-06-30 15:33:43.707] [jointLog] [info] Marked 0 weighted equivalence classes as degenerate
[2024-06-30 15:33:43.713] [jointLog] [info] iteration = 0 | max rel diff. = 421761
[2024-06-30 15:33:43.684] [fileLog] [info] 
At end of round 0
==================
Observed 12263470 total fragments (12263470 in most recent round)

[2024-06-30 15:33:44.175] [jointLog] [info] iteration = 100 | max rel diff. = 0.0152308
[2024-06-30 15:33:44.602] [jointLog] [info] iteration = 200 | max rel diff. = 0.012282
[2024-06-30 15:33:45.031] [jointLog] [info] iteration = 300 | max rel diff. = 6.95908e-05
[2024-06-30 15:33:45.031] [jointLog] [info] iteration = 301 | max rel diff. = 6.95908e-05
[2024-06-30 15:33:45.031] [jointLog] [info] Finished optimizer
[2024-06-30 15:33:45.031] [jointLog] [info] writing output 

