Jun-30 15:30:33.215 [main] DEBUG nextflow.cli.Launcher - $> nextflow quant_salmon.nf
Jun-30 15:30:33.428 [main] DEBUG nextflow.cli.CmdRun - N E X T F L O W  ~  version 24.05.0-edge
Jun-30 15:30:33.478 [main] DEBUG nextflow.plugin.PluginsFacade - Setting up plugin manager > mode=prod; embedded=false; plugins-dir=/Users/zainabusman/.nextflow/plugins; core-plugins: nf-amazon@2.6.0,nf-azure@1.7.0,nf-cloudcache@0.4.1,nf-codecommit@0.2.0,nf-console@1.1.3,nf-google@1.13.3,nf-tower@1.9.1,nf-wave@1.4.3
Jun-30 15:30:33.499 [main] INFO  o.pf4j.DefaultPluginStatusProvider - Enabled plugins: []
Jun-30 15:30:33.500 [main] INFO  o.pf4j.DefaultPluginStatusProvider - Disabled plugins: []
Jun-30 15:30:33.506 [main] INFO  org.pf4j.DefaultPluginManager - PF4J version 3.10.0 in 'deployment' mode
Jun-30 15:30:33.529 [main] INFO  org.pf4j.AbstractPluginManager - No plugins
Jun-30 15:30:33.622 [main] DEBUG nextflow.cli.CmdRun - Applied DSL=2 by global default
Jun-30 15:30:33.665 [main] DEBUG nextflow.cli.CmdRun - Launching `quant_salmon.nf` [scruffy_noyce] DSL2 - revision: 58ec5df341
Jun-30 15:30:33.667 [main] DEBUG nextflow.plugin.PluginsFacade - Plugins default=[]
Jun-30 15:30:33.667 [main] DEBUG nextflow.plugin.PluginsFacade - Plugins resolved requirement=[]
Jun-30 15:30:33.824 [main] DEBUG nextflow.Session - Session UUID: 4eee3904-96c7-473d-8767-e7510d4ac2fd
Jun-30 15:30:33.825 [main] DEBUG nextflow.Session - Run name: scruffy_noyce
Jun-30 15:30:33.825 [main] DEBUG nextflow.Session - Executor pool size: 4
Jun-30 15:30:33.845 [main] DEBUG nextflow.file.FilePorter - File porter settings maxRetries=3; maxTransfers=50; pollTimeout=null
Jun-30 15:30:33.854 [main] DEBUG nextflow.util.ThreadPoolBuilder - Creating thread pool 'FileTransfer' minSize=10; maxSize=12; workQueue=LinkedBlockingQueue[10000]; allowCoreThreadTimeout=false
Jun-30 15:30:38.915 [main] DEBUG nextflow.cli.CmdRun - 
  Version: 24.05.0-edge build 5916
  Created: 17-06-2024 19:38 UTC (21:38 CEST)
  System: Mac OS X 12.7.5
  Runtime: Groovy 4.0.21 on OpenJDK 64-Bit Server VM 17.0.10+7
  Encoding: UTF-8 (UTF-8)
  Process: 99810@Zainabs-MacBook-Pro.local [192.168.1.22]
  CPUs: 4 - Mem: 8 GB (165.8 MB) - Swap: 1 GB (752.2 MB)
Jun-30 15:30:38.938 [main] DEBUG nextflow.Session - Work-dir: /Users/zainabusman/RNAseq/Drosophila/salmon/work [Mac OS X]
Jun-30 15:30:38.939 [main] DEBUG nextflow.Session - Script base path does not exist or is not a directory: /Users/zainabusman/RNAseq/Drosophila/salmon/bin
Jun-30 15:30:38.976 [main] DEBUG nextflow.executor.ExecutorFactory - Extension executors providers=[]
Jun-30 15:30:38.998 [main] DEBUG nextflow.Session - Observer factory: DefaultObserverFactory
Jun-30 15:30:39.037 [main] DEBUG nextflow.cache.CacheFactory - Using Nextflow cache factory: nextflow.cache.DefaultCacheFactory
Jun-30 15:30:39.077 [main] DEBUG nextflow.util.CustomThreadPool - Creating default thread pool > poolSize: 5; maxThreads: 1000
Jun-30 15:30:39.232 [main] DEBUG nextflow.Session - Session start
Jun-30 15:30:40.031 [main] DEBUG nextflow.script.ScriptRunner - > Launching execution
Jun-30 15:30:40.054 [main] DEBUG n.secret.LocalSecretsProvider - Secrets store: /Users/zainabusman/.nextflow/secrets/store.json
Jun-30 15:30:40.066 [main] DEBUG nextflow.secret.SecretsLoader - Discovered secrets providers: [nextflow.secret.LocalSecretsProvider@3249e278] - activable => nextflow.secret.LocalSecretsProvider@3249e278
Jun-30 15:30:40.241 [main] DEBUG nextflow.executor.ExecutorFactory - << taskConfig executor: null
Jun-30 15:30:40.242 [main] DEBUG nextflow.executor.ExecutorFactory - >> processorType: 'local'
Jun-30 15:30:40.255 [main] DEBUG nextflow.executor.Executor - [warm up] executor > local
Jun-30 15:30:40.267 [main] DEBUG n.processor.LocalPollingMonitor - Creating local task monitor for executor 'local' > cpus=4; memory=8 GB; capacity=4; pollInterval=100ms; dumpInterval=5m
Jun-30 15:30:40.272 [main] DEBUG n.processor.TaskPollingMonitor - >>> barrier register (monitor: local)
Jun-30 15:30:40.430 [main] DEBUG nextflow.Session - Workflow process names [dsl2]: quant
Jun-30 15:30:40.431 [main] DEBUG nextflow.Session - Igniting dataflow network (4)
Jun-30 15:30:40.444 [main] DEBUG nextflow.processor.TaskProcessor - Starting process > quant
Jun-30 15:30:40.446 [main] DEBUG nextflow.script.ScriptRunner - Parsed script files:
  Script_b8e3d278546a52c9: /Users/zainabusman/RNAseq/Drosophila/salmon/quant_salmon.nf
Jun-30 15:30:40.446 [main] DEBUG nextflow.script.ScriptRunner - > Awaiting termination 
Jun-30 15:30:40.446 [main] DEBUG nextflow.Session - Session await
Jun-30 15:30:40.758 [Task submitter] DEBUG n.executor.local.LocalTaskHandler - Launch cmd line: /bin/bash -ue .command.run
Jun-30 15:30:40.761 [Task submitter] INFO  nextflow.Session - [d5/3cf8e0] Submitted process > quant (1)
Jun-30 15:34:50.832 [Task monitor] DEBUG n.processor.TaskPollingMonitor - Task completed > TaskHandler[id: 1; name: quant (1); status: COMPLETED; exit: 0; error: -; workDir: /Users/zainabusman/RNAseq/Drosophila/salmon/work/d5/3cf8e0f3d9845876a43ffd691a161a]
Jun-30 15:34:50.839 [Task monitor] DEBUG nextflow.util.ThreadPoolBuilder - Creating thread pool 'TaskFinalizer' minSize=10; maxSize=12; workQueue=LinkedBlockingQueue[10000]; allowCoreThreadTimeout=false
Jun-30 15:34:50.903 [main] DEBUG nextflow.Session - Session await > all processes finished
Jun-30 15:34:50.915 [Task monitor] DEBUG n.processor.TaskPollingMonitor - <<< barrier arrives (monitor: local) - terminating tasks monitor poll loop
Jun-30 15:34:50.916 [main] DEBUG nextflow.Session - Session await > all barriers passed
Jun-30 15:34:50.923 [main] DEBUG nextflow.util.ThreadPoolManager - Thread pool 'TaskFinalizer' shutdown completed (hard=false)
Jun-30 15:34:50.938 [main] DEBUG n.trace.WorkflowStatsObserver - Workflow completed > WorkflowStats[succeededCount=1; failedCount=0; ignoredCount=0; cachedCount=0; pendingCount=0; submittedCount=0; runningCount=0; retriesCount=0; abortedCount=0; succeedDuration=4m 10s; failedDuration=0ms; cachedDuration=0ms;loadCpus=0; loadMemory=0; peakRunning=1; peakCpus=1; peakMemory=0; ]
Jun-30 15:34:51.189 [main] DEBUG nextflow.cache.CacheDB - Closing CacheDB done
Jun-30 15:34:51.234 [main] DEBUG nextflow.util.ThreadPoolManager - Thread pool 'FileTransfer' shutdown completed (hard=false)
Jun-30 15:34:51.235 [main] DEBUG nextflow.script.ScriptRunner - > Execution complete -- Goodbye
