           Time    Speed        Read     Read   Mapped   Mapped   Mapped   Mapped Unmapped Unmapped Unmapped Unmapped
                    M/hr      number   length   unique   length   MMrate    multi   multi+       MM    short    other
Jun 29 00:10:13     35.4      698281       74    82.0%     73.6     0.7%     5.6%     5.8%     0.0%     6.4%     0.2%
Jun 29 00:11:29     37.3     1523933       74    82.5%     73.6     0.7%     5.6%     5.8%     0.0%     6.0%     0.2%
Jun 29 00:12:32     40.2     2344049       74    82.9%     73.6     0.7%     5.6%     5.7%     0.0%     5.7%     0.2%
Jun 29 00:13:33     42.0     3164165       74    83.0%     73.6     0.7%     5.5%     5.6%     0.0%     5.7%     0.2%
Jun 29 00:14:48     41.5     3984281       74    83.3%     73.6     0.7%     5.5%     5.5%     0.0%     5.6%     0.2%
Jun 29 00:15:48     40.2     4531025       74    83.3%     73.6     0.7%     5.5%     5.6%     0.0%     5.5%     0.2%
Jun 29 00:16:55     40.7     5351688       74    83.3%     73.6     0.7%     5.5%     5.6%     0.0%     5.5%     0.2%
Jun 29 00:18:08     38.9     5904194       74    83.1%     73.6     0.7%     5.5%     5.5%     0.0%     5.7%     0.2%
Jun 29 00:19:42     37.1     6591505       74    83.0%     73.6     0.7%     5.5%     5.5%     0.0%     5.9%     0.2%
Jun 29 00:20:55     34.7     6864877       74    82.8%     73.6     0.7%     5.4%     5.5%     0.0%     6.1%     0.2%
Jun 29 00:22:04     33.5     7274935       74    82.7%     73.6     0.8%     5.4%     5.5%     0.0%     6.2%     0.2%
Jun 29 00:23:16     32.4     7684993       74    82.5%     73.6     0.8%     5.4%     5.5%     0.0%     6.4%     0.2%
Jun 29 00:24:16     32.4     8231737       74    82.5%     73.6     0.8%     5.4%     5.5%     0.0%     6.5%     0.2%
Jun 29 00:25:26     32.6     8915167       74    82.5%     73.6     0.8%     5.4%     5.5%     0.0%     6.4%     0.2%
Jun 29 00:26:35     32.3     9461911       74    82.5%     73.6     0.8%     5.4%     5.5%     0.0%     6.4%     0.2%
Jun 29 00:27:51     32.3    10144019       74    82.6%     73.6     0.8%     5.4%     5.5%     0.0%     6.4%     0.2%
Jun 29 00:29:28     31.1    10575821       74    82.2%     73.6     0.8%     5.4%     5.4%     0.0%     6.8%     0.2%
ALL DONE!
