                                 Started job on |	Jun 28 23:40:23
                             Started mapping on |	Jun 28 23:40:31
                                    Finished on |	Jun 28 23:59:24
       Mapping speed, Million of reads per hour |	38.86

                          Number of input reads |	12230102
                      Average input read length |	74
                                    UNIQUE READS:
                   Uniquely mapped reads number |	9689643
                        Uniquely mapped reads % |	79.23%
                          Average mapped length |	72.90
                       Number of splices: Total |	1105316
            Number of splices: Annotated (sjdb) |	1090792
                       Number of splices: GT/AG |	1093442
                       Number of splices: GC/AG |	8756
                       Number of splices: AT/AC |	330
               Number of splices: Non-canonical |	2788
                      Mismatch rate per base, % |	1.80%
                         Deletion rate per base |	0.00%
                        Deletion average length |	1.47
                        Insertion rate per base |	0.00%
                       Insertion average length |	1.36
                             MULTI-MAPPING READS:
        Number of reads mapped to multiple loci |	495636
             % of reads mapped to multiple loci |	4.05%
        Number of reads mapped to too many loci |	524034
             % of reads mapped to too many loci |	4.28%
                                  UNMAPPED READS:
  Number of reads unmapped: too many mismatches |	0
       % of reads unmapped: too many mismatches |	0.00%
            Number of reads unmapped: too short |	1511904
                 % of reads unmapped: too short |	12.36%
                Number of reads unmapped: other |	8885
                     % of reads unmapped: other |	0.07%
                                  CHIMERIC READS:
                       Number of chimeric reads |	0
                            % of chimeric reads |	0.00%
