           Time    Speed        Read     Read   Mapped   Mapped   Mapped   Mapped Unmapped Unmapped Unmapped Unmapped
                    M/hr      number   length   unique   length   MMrate    multi   multi+       MM    short    other
Jun 28 23:41:42     35.4      698281       74    84.8%     73.5     1.1%     4.3%     4.7%     0.0%     6.1%     0.1%
Jun 28 23:42:43     37.8     1387247       74    84.7%     73.5     1.1%     4.3%     4.7%     0.0%     6.2%     0.1%
Jun 28 23:44:00     35.7     2070677       74    84.2%     73.5     1.1%     4.3%     4.6%     0.0%     6.9%     0.1%
Jun 28 23:45:10     33.8     2617421       74    83.7%     73.5     1.2%     4.2%     4.5%     0.0%     7.5%     0.1%
Jun 28 23:46:21     35.4     3437537       74    83.8%     73.5     1.2%     4.2%     4.5%     0.0%     7.4%     0.1%
Jun 28 23:47:33     37.5     4394339       74    84.1%     73.5     1.2%     4.2%     4.5%     0.0%     7.1%     0.1%
Jun 28 23:48:38     39.6     5351141       74    84.4%     73.5     1.1%     4.2%     4.5%     0.0%     6.7%     0.1%
Jun 28 23:49:40     40.5     6174596       74    84.5%     73.5     1.1%     4.2%     4.6%     0.0%     6.6%     0.1%
Jun 28 23:50:43     42.0     7138249       74    84.7%     73.5     1.1%     4.2%     4.6%     0.0%     6.4%     0.1%
Jun 28 23:51:50     40.7     7684993       74    83.9%     73.3     1.2%     4.2%     4.5%     0.0%     7.3%     0.1%
Jun 28 23:52:52     40.7     8368423       74    83.4%     73.3     1.3%     4.2%     4.5%     0.0%     7.8%     0.1%
Jun 28 23:54:11     39.7     9051853       74    82.3%     73.1     1.4%     4.2%     4.4%     0.0%     9.0%     0.1%
Jun 28 23:55:15     39.1     9598597       74    81.1%     73.1     1.5%     4.1%     4.4%     0.0%    10.3%     0.1%
Jun 28 23:56:18     39.6    10414905       74    80.4%     73.0     1.6%     4.1%     4.3%     0.0%    11.0%     0.1%
Jun 28 23:57:19     40.1    11227563       74    79.9%     73.0     1.6%     4.1%     4.3%     0.0%    11.6%     0.1%
Jun 28 23:58:20     40.1    11904778       74    80.0%     72.9     1.7%     4.1%     4.3%     0.0%    11.5%     0.1%
Jun 28 23:59:24     38.9    12230102       74    79.2%     72.9     1.8%     4.1%     4.3%     0.0%    12.4%     0.1%
ALL DONE!
