           Time    Speed        Read     Read   Mapped   Mapped   Mapped   Mapped Unmapped Unmapped Unmapped Unmapped
                    M/hr      number   length   unique   length   MMrate    multi   multi+       MM    short    other
Jun 29 00:05:18     47.5      976763       74    70.8%     72.0     2.5%     3.9%     4.7%     0.0%    20.5%     0.0%
Jun 29 00:06:33     43.4     1797305       74    70.7%     72.2     2.2%     4.0%     4.7%     0.0%    20.6%     0.1%
Jun 29 00:07:39     46.1     2754107       74    73.3%     72.6     2.0%     4.1%     4.8%     0.0%    17.7%     0.1%
Jun 29 00:08:44     46.0     3574223       74    74.0%     72.7     2.0%     4.1%     4.9%     0.0%    17.0%     0.1%
Jun 29 00:09:45     43.5     4120967       74    74.8%     72.7     1.9%     4.1%     4.9%     0.0%    16.0%     0.1%
Jun 29 00:11:05     38.7     4531025       74    74.9%     72.8     1.9%     4.1%     4.9%     0.0%    16.0%     0.1%
Jun 29 00:12:15     36.2     4941083       74    73.7%     72.6     2.0%     4.1%     4.9%     0.0%    17.2%     0.1%
Jun 29 00:13:17     36.6     5624513       74    74.2%     72.6     2.0%     4.1%     4.9%     0.0%    16.8%     0.1%
Jun 29 00:14:25     35.8     6174219       74    74.8%     72.6     2.0%     4.1%     4.9%     0.0%    16.1%     0.1%
Jun 29 00:15:47     34.4     6726023       74    75.6%     72.6     1.9%     4.2%     5.0%     0.0%    15.2%     0.1%
Jun 29 00:17:18     33.0     7274935       74    75.1%     72.6     1.9%     4.1%     4.9%     0.0%    15.8%     0.1%
Jun 29 00:18:28     32.0     7684993       74    74.5%     72.6     2.0%     4.1%     4.9%     0.0%    16.5%     0.1%
Jun 29 00:20:12     30.1     8095051       74    74.6%     72.6     2.0%     4.1%     4.9%     0.0%    16.3%     0.1%
Jun 29 00:21:18     29.1     8368423       74    74.5%     72.6     2.0%     4.1%     4.9%     0.0%    16.4%     0.1%
Jun 29 00:22:32     28.5     8778481       74    74.7%     72.6     2.1%     4.1%     4.9%     0.0%    16.2%     0.1%
Jun 29 00:23:34     27.9     9051853       74    74.4%     72.6     2.1%     4.1%     4.9%     0.0%    16.5%     0.1%
Jun 29 00:24:43     27.5     9461911       74    74.6%     72.5     2.2%     4.1%     4.9%     0.0%    16.4%     0.1%
Jun 29 00:26:05     26.5     9735283       74    74.4%     72.5     2.2%     4.1%     4.9%     0.0%    16.5%     0.1%
Jun 29 00:27:13     26.3    10144019       74    74.6%     72.5     2.2%     4.1%     4.9%     0.0%    16.3%     0.1%
Jun 29 00:28:24     25.7    10414905       74    74.3%     72.5     2.3%     4.1%     4.9%     0.0%    16.6%     0.1%
Jun 29 00:29:47     25.6    10956677       74    74.5%     72.5     2.3%     4.1%     4.9%     0.0%    16.4%     0.1%
Jun 29 00:30:48     27.0    12040221       74    75.4%     72.6     2.2%     4.2%     4.9%     0.0%    15.5%     0.1%
ALL DONE!
