           Time    Speed        Read     Read   Mapped   Mapped   Mapped   Mapped Unmapped Unmapped Unmapped Unmapped
                    M/hr      number   length   unique   length   MMrate    multi   multi+       MM    short    other
Jun 28 18:13:41     36.4      698281       74    71.9%     72.2     2.0%     3.9%     4.8%     0.0%    19.3%     0.1%
Jun 28 18:14:43     30.6     1113875       74    71.1%     71.9     2.5%     3.9%     4.7%     0.0%    20.2%     0.0%
Jun 28 18:16:22     23.9     1523933       74    69.4%     72.0     2.4%     3.9%     4.6%     0.0%    22.1%     0.0%
Jun 28 18:18:03     22.5     2070677       74    70.6%     72.3     2.2%     4.0%     4.7%     0.0%    20.7%     0.1%
Jun 28 18:19:17     23.3     2617421       74    73.2%     72.6     2.0%     4.1%     4.8%     0.0%    17.9%     0.1%
Jun 28 18:20:32     22.7     3027479       74    73.6%     72.6     2.0%     4.1%     4.9%     0.0%    17.4%     0.1%
Jun 28 18:21:43     22.5     3437537       74    74.1%     72.7     2.0%     4.1%     4.9%     0.0%    16.8%     0.1%
Jun 28 18:23:09     22.5     3984281       74    74.6%     72.7     2.0%     4.1%     4.9%     0.0%    16.3%     0.1%
Jun 28 18:24:39     22.4     4531025       74    74.9%     72.8     1.9%     4.1%     4.9%     0.0%    16.0%     0.1%
Jun 28 18:25:56     22.1     4941083       74    73.7%     72.6     2.0%     4.1%     4.9%     0.0%    17.2%     0.1%
Jun 28 18:27:06     22.6     5487827       74    73.9%     72.5     2.1%     4.1%     4.9%     0.0%    17.1%     0.1%
Jun 28 18:28:10     23.7     6174219       74    74.8%     72.6     2.0%     4.1%     4.9%     0.0%    16.1%     0.1%
Jun 28 18:29:25     24.4     6863974       74    75.6%     72.6     1.9%     4.2%     5.0%     0.0%    15.2%     0.1%
Jun 28 18:30:40     24.5     7411621       74    74.9%     72.6     1.9%     4.1%     4.9%     0.0%    16.1%     0.1%
Jun 28 18:31:49     24.3     7821679       74    74.5%     72.6     2.0%     4.1%     4.9%     0.0%    16.4%     0.1%
Jun 28 18:32:58     23.8     8095051       74    74.6%     72.6     2.0%     4.1%     4.9%     0.0%    16.3%     0.1%
Jun 28 18:34:00     23.8     8505109       74    74.6%     72.6     2.0%     4.1%     4.9%     0.0%    16.3%     0.1%
Jun 28 18:35:07     23.7     8915167       74    74.5%     72.6     2.1%     4.1%     4.9%     0.0%    16.4%     0.1%
Jun 28 18:36:28     24.1     9598597       74    74.5%     72.5     2.2%     4.1%     4.9%     0.0%    16.4%     0.1%
Jun 28 18:37:30     24.7    10279462       74    74.5%     72.5     2.3%     4.1%     4.9%     0.0%    16.4%     0.1%
Jun 28 18:38:38     25.2    10956677       74    74.5%     72.5     2.3%     4.1%     4.9%     0.0%    16.4%     0.1%
Jun 28 18:39:39     26.9    12175664       74    75.5%     72.6     2.2%     4.2%     4.9%     0.0%    15.3%     0.1%
ALL DONE!
