                                 Started job on |	Jun 28 18:45:27
                             Started mapping on |	Jun 28 18:45:33
                                    Finished on |	Jun 28 19:03:37
       Mapping speed, Million of reads per hour |	41.40

                          Number of input reads |	12467158
                      Average input read length |	74
                                    UNIQUE READS:
                   Uniquely mapped reads number |	10671865
                        Uniquely mapped reads % |	85.60%
                          Average mapped length |	73.44
                       Number of splices: Total |	1237495
            Number of splices: Annotated (sjdb) |	1225583
                       Number of splices: GT/AG |	1228259
                       Number of splices: GC/AG |	6106
                       Number of splices: AT/AC |	496
               Number of splices: Non-canonical |	2634
                      Mismatch rate per base, % |	0.98%
                         Deletion rate per base |	0.00%
                        Deletion average length |	1.47
                        Insertion rate per base |	0.00%
                       Insertion average length |	1.38
                             MULTI-MAPPING READS:
        Number of reads mapped to multiple loci |	520086
             % of reads mapped to multiple loci |	4.17%
        Number of reads mapped to too many loci |	630941
             % of reads mapped to too many loci |	5.06%
                                  UNMAPPED READS:
  Number of reads unmapped: too many mismatches |	0
       % of reads unmapped: too many mismatches |	0.00%
            Number of reads unmapped: too short |	631072
                 % of reads unmapped: too short |	5.06%
                Number of reads unmapped: other |	13194
                     % of reads unmapped: other |	0.11%
                                  CHIMERIC READS:
                       Number of chimeric reads |	0
                            % of chimeric reads |	0.00%
