                                 Started job on |	Jun 28 18:46:10
                             Started mapping on |	Jun 28 18:46:20
                                    Finished on |	Jun 28 19:03:58
       Mapping speed, Million of reads per hour |	35.99

                          Number of input reads |	10575821
                      Average input read length |	74
                                    UNIQUE READS:
                   Uniquely mapped reads number |	8694084
                        Uniquely mapped reads % |	82.21%
                          Average mapped length |	73.56
                       Number of splices: Total |	960721
            Number of splices: Annotated (sjdb) |	951627
                       Number of splices: GT/AG |	951271
                       Number of splices: GC/AG |	7186
                       Number of splices: AT/AC |	290
               Number of splices: Non-canonical |	1974
                      Mismatch rate per base, % |	0.83%
                         Deletion rate per base |	0.00%
                        Deletion average length |	1.49
                        Insertion rate per base |	0.00%
                       Insertion average length |	1.40
                             MULTI-MAPPING READS:
        Number of reads mapped to multiple loci |	569756
             % of reads mapped to multiple loci |	5.39%
        Number of reads mapped to too many loci |	574033
             % of reads mapped to too many loci |	5.43%
                                  UNMAPPED READS:
  Number of reads unmapped: too many mismatches |	0
       % of reads unmapped: too many mismatches |	0.00%
            Number of reads unmapped: too short |	720889
                 % of reads unmapped: too short |	6.82%
                Number of reads unmapped: other |	17059
                     % of reads unmapped: other |	0.16%
                                  CHIMERIC READS:
                       Number of chimeric reads |	0
                            % of chimeric reads |	0.00%
