                                 Started job on |	Jun 28 18:12:24
                             Started mapping on |	Jun 28 18:12:32
                                    Finished on |	Jun 28 18:39:44
       Mapping speed, Million of reads per hour |	27.05

                          Number of input reads |	12263470
                      Average input read length |	74
                                    UNIQUE READS:
                   Uniquely mapped reads number |	9268000
                        Uniquely mapped reads % |	75.57%
                          Average mapped length |	72.58
                       Number of splices: Total |	1006254
            Number of splices: Annotated (sjdb) |	987237
                       Number of splices: GT/AG |	997144
                       Number of splices: GC/AG |	5579
                       Number of splices: AT/AC |	412
               Number of splices: Non-canonical |	3119
                      Mismatch rate per base, % |	2.19%
                         Deletion rate per base |	0.00%
                        Deletion average length |	1.45
                        Insertion rate per base |	0.00%
                       Insertion average length |	1.35
                             MULTI-MAPPING READS:
        Number of reads mapped to multiple loci |	511908
             % of reads mapped to multiple loci |	4.17%
        Number of reads mapped to too many loci |	603158
             % of reads mapped to too many loci |	4.92%
                                  UNMAPPED READS:
  Number of reads unmapped: too many mismatches |	0
       % of reads unmapped: too many mismatches |	0.00%
            Number of reads unmapped: too short |	1872827
                 % of reads unmapped: too short |	15.27%
                Number of reads unmapped: other |	7577
                     % of reads unmapped: other |	0.06%
                                  CHIMERIC READS:
                       Number of chimeric reads |	0
                            % of chimeric reads |	0.00%
