[2024-06-30 15:30:41.081] [jointLog] [info] setting maxHashResizeThreads to 8
[2024-06-30 15:30:41.081] [jointLog] [info] Fragment incompatibility prior below threshold.  Incompatible fragments will be ignored.
[2024-06-30 15:30:41.082] [jointLog] [info] Usage of --validateMappings implies use of minScoreFraction. Since not explicitly specified, it is being set to 0.65
[2024-06-30 15:30:41.082] [jointLog] [info] Setting consensusSlack to selective-alignment default of 0.35.
[2024-06-30 15:30:41.082] [jointLog] [info] parsing read library format
[2024-06-30 15:30:41.084] [jointLog] [info] There is 1 library.
[2024-06-30 15:30:41.085] [jointLog] [info] Loading pufferfish index
[2024-06-30 15:30:41.086] [jointLog] [info] Loading dense pufferfish index.
[2024-06-30 15:30:42.916] [jointLog] [info] done
[2024-06-30 15:30:43.019] [jointLog] [info] Index contained 1,870 targets
[2024-06-30 15:30:43.019] [jointLog] [info] Number of decoys : 0
[2024-06-30 15:30:43.829] [jointLog] [info] Automatically detected most likely library type as IU

[2024-06-30 15:31:33.367] [jointLog] [info] Computed 26,154 rich equivalence classes for further processing
[2024-06-30 15:31:33.367] [jointLog] [info] Counted 9,445,782 total reads in the equivalence classes 
[2024-06-30 15:31:33.377] [jointLog] [info] Number of mappings discarded because of alignment score : 80,272
[2024-06-30 15:31:33.377] [jointLog] [info] Number of fragments entirely discarded because of alignment score : 22,574
[2024-06-30 15:31:33.377] [jointLog] [info] Number of fragments discarded because they are best-mapped to decoys : 0
[2024-06-30 15:31:33.377] [jointLog] [info] Number of fragments discarded because they have only dovetail (discordant) mappings to valid targets : 960,050
[2024-06-30 15:31:33.377] [jointLog] [info] Mapping rate = 89.3149%

[2024-06-30 15:31:33.377] [jointLog] [info] finished quantifyLibrary()
[2024-06-30 15:31:33.378] [jointLog] [info] Starting optimizer
[2024-06-30 15:31:33.393] [jointLog] [info] Marked 0 weighted equivalence classes as degenerate
[2024-06-30 15:31:33.397] [jointLog] [info] iteration = 0 | max rel diff. = 396585
[2024-06-30 15:31:33.368] [fileLog] [info] 
At end of round 0
==================
Observed 10575821 total fragments (10575821 in most recent round)

[2024-06-30 15:31:33.794] [jointLog] [info] iteration = 100 | max rel diff. = 0.00625081
[2024-06-30 15:31:33.794] [jointLog] [info] Finished optimizer
[2024-06-30 15:31:33.794] [jointLog] [info] writing output 

