Jun-30 11:12:28.585 [main] DEBUG nextflow.cli.Launcher - $> nextflow dseq2.nf
Jun-30 11:12:28.703 [main] DEBUG nextflow.cli.CmdRun - N E X T F L O W  ~  version 24.05.0-edge
Jun-30 11:12:28.728 [main] DEBUG nextflow.plugin.PluginsFacade - Setting up plugin manager > mode=prod; embedded=false; plugins-dir=/Users/zainabusman/.nextflow/plugins; core-plugins: nf-amazon@2.6.0,nf-azure@1.7.0,nf-cloudcache@0.4.1,nf-codecommit@0.2.0,nf-console@1.1.3,nf-google@1.13.3,nf-tower@1.9.1,nf-wave@1.4.3
Jun-30 11:12:28.744 [main] INFO  o.pf4j.DefaultPluginStatusProvider - Enabled plugins: []
Jun-30 11:12:28.745 [main] INFO  o.pf4j.DefaultPluginStatusProvider - Disabled plugins: []
Jun-30 11:12:28.749 [main] INFO  org.pf4j.DefaultPluginManager - PF4J version 3.10.0 in 'deployment' mode
Jun-30 11:12:28.766 [main] INFO  org.pf4j.AbstractPluginManager - No plugins
Jun-30 11:12:28.840 [main] DEBUG nextflow.cli.CmdRun - Applied DSL=2 from script declaration
Jun-30 11:12:28.860 [main] DEBUG nextflow.cli.CmdRun - Launching `dseq2.nf` [jovial_carson] DSL2 - revision: 91fc40aed1
Jun-30 11:12:28.862 [main] DEBUG nextflow.plugin.PluginsFacade - Plugins default=[]
Jun-30 11:12:28.862 [main] DEBUG nextflow.plugin.PluginsFacade - Plugins resolved requirement=[]
Jun-30 11:12:28.959 [main] DEBUG nextflow.Session - Session UUID: 57d5b000-4198-4a8a-bc37-708e1a2013c7
Jun-30 11:12:28.960 [main] DEBUG nextflow.Session - Run name: jovial_carson
Jun-30 11:12:28.960 [main] DEBUG nextflow.Session - Executor pool size: 4
Jun-30 11:12:28.969 [main] DEBUG nextflow.file.FilePorter - File porter settings maxRetries=3; maxTransfers=50; pollTimeout=null
Jun-30 11:12:28.976 [main] DEBUG nextflow.util.ThreadPoolBuilder - Creating thread pool 'FileTransfer' minSize=10; maxSize=12; workQueue=LinkedBlockingQueue[10000]; allowCoreThreadTimeout=false
Jun-30 11:12:34.005 [main] DEBUG nextflow.cli.CmdRun - 
  Version: 24.05.0-edge build 5916
  Created: 17-06-2024 19:38 UTC (21:38 CEST)
  System: Mac OS X 12.7.5
  Runtime: Groovy 4.0.21 on OpenJDK 64-Bit Server VM 17.0.10+7
  Encoding: UTF-8 (UTF-8)
  Process: 94686@Zainabs-MacBook-Pro.local [192.168.1.22]
  CPUs: 4 - Mem: 8 GB (942.6 MB) - Swap: 2 GB (1.7 GB)
Jun-30 11:12:34.022 [main] DEBUG nextflow.Session - Work-dir: /Users/zainabusman/RNAseq/Drosophila/dseq2/work [Mac OS X]
Jun-30 11:12:34.023 [main] DEBUG nextflow.Session - Script base path does not exist or is not a directory: /Users/zainabusman/RNAseq/Drosophila/dseq2/bin
Jun-30 11:12:34.039 [main] DEBUG nextflow.executor.ExecutorFactory - Extension executors providers=[]
Jun-30 11:12:34.053 [main] DEBUG nextflow.Session - Observer factory: DefaultObserverFactory
Jun-30 11:12:34.095 [main] DEBUG nextflow.cache.CacheFactory - Using Nextflow cache factory: nextflow.cache.DefaultCacheFactory
Jun-30 11:12:34.112 [main] DEBUG nextflow.util.CustomThreadPool - Creating default thread pool > poolSize: 5; maxThreads: 1000
Jun-30 11:12:34.190 [main] DEBUG nextflow.Session - Session start
Jun-30 11:12:34.731 [main] DEBUG nextflow.script.ScriptRunner - > Launching execution
Jun-30 11:12:34.744 [main] DEBUG n.secret.LocalSecretsProvider - Secrets store: /Users/zainabusman/.nextflow/secrets/store.json
Jun-30 11:12:34.753 [main] DEBUG nextflow.secret.SecretsLoader - Discovered secrets providers: [nextflow.secret.LocalSecretsProvider@53aa38be] - activable => nextflow.secret.LocalSecretsProvider@53aa38be
Jun-30 11:12:34.871 [main] DEBUG nextflow.executor.ExecutorFactory - << taskConfig executor: null
Jun-30 11:12:34.872 [main] DEBUG nextflow.executor.ExecutorFactory - >> processorType: 'local'
Jun-30 11:12:34.878 [main] DEBUG nextflow.executor.Executor - [warm up] executor > local
Jun-30 11:12:34.883 [main] DEBUG n.processor.LocalPollingMonitor - Creating local task monitor for executor 'local' > cpus=4; memory=8 GB; capacity=4; pollInterval=100ms; dumpInterval=5m
Jun-30 11:12:34.886 [main] DEBUG n.processor.TaskPollingMonitor - >>> barrier register (monitor: local)
Jun-30 11:12:34.989 [main] DEBUG nextflow.Session - Workflow process names [dsl2]: deseqR
Jun-30 11:12:34.990 [main] DEBUG nextflow.Session - Igniting dataflow network (3)
Jun-30 11:12:34.997 [main] DEBUG nextflow.processor.TaskProcessor - Starting process > deseqR
Jun-30 11:12:34.999 [main] DEBUG nextflow.script.ScriptRunner - Parsed script files:
  Script_708fbbea8eb2e177: /Users/zainabusman/RNAseq/Drosophila/dseq2/dseq2.nf
Jun-30 11:12:35.000 [main] DEBUG nextflow.script.ScriptRunner - > Awaiting termination 
Jun-30 11:12:35.000 [main] DEBUG nextflow.Session - Session await
Jun-30 11:12:35.226 [Task submitter] DEBUG n.executor.local.LocalTaskHandler - Launch cmd line: /bin/bash -ue .command.run
Jun-30 11:12:35.228 [Task submitter] INFO  nextflow.Session - [69/f200a9] Submitted process > deseqR (1)
Jun-30 11:12:51.681 [Task monitor] DEBUG n.processor.TaskPollingMonitor - Task completed > TaskHandler[id: 1; name: deseqR (1); status: COMPLETED; exit: 1; error: -; workDir: /Users/zainabusman/RNAseq/Drosophila/dseq2/work/69/f200a952bd6aedf5247a9bf2c448a7]
Jun-30 11:12:51.683 [Task monitor] DEBUG nextflow.util.ThreadPoolBuilder - Creating thread pool 'TaskFinalizer' minSize=10; maxSize=12; workQueue=LinkedBlockingQueue[10000]; allowCoreThreadTimeout=false
Jun-30 11:12:51.692 [TaskFinalizer-1] DEBUG nextflow.processor.TaskProcessor - Handling unexpected condition for
  task: name=deseqR (1); work-dir=/Users/zainabusman/RNAseq/Drosophila/dseq2/work/69/f200a952bd6aedf5247a9bf2c448a7
  error [nextflow.exception.ProcessFailedException]: Process `deseqR (1)` terminated with an error exit status (1)
Jun-30 11:12:51.727 [TaskFinalizer-1] ERROR nextflow.processor.TaskProcessor - Error executing process > 'deseqR (1)'

Caused by:
  Process `deseqR (1)` terminated with an error exit status (1)


Command executed:

  Rscript /Users/zainabusman/RNAseq/Drosophila/dseq2/DESeq2.R count_matrix.csv design.csv deseq_result.all.csv deseq_result.filtered.csv normalized.counts.csv

Command exit status:
  1

Command output:
  FBgn0035085   928.391      -2.584359 0.12147633 -21.27459 1.952309e-100
                       padj
  FBgn0039155 4.997910e-196
  FBgn0003360 2.275876e-180
  FBgn0026562 4.218629e-171
  FBgn0025111 3.313126e-168
  FBgn0029167 1.880401e-108
  FBgn0035085  2.712733e-97
              baseMean log2FoldChange     lfcSE      stat      pvalue
  FBgn0003360 6410.646      -3.164152 0.1093839 -28.92703 5.4597e-184
                       padj
  FBgn0003360 2.275876e-180
              baseMean log2FoldChange     lfcSE      stat       pvalue
  FBgn0261552 8915.949      -1.780947 0.1510969 -11.78679 4.566332e-32
                      padj
  FBgn0261552 1.312742e-29
  [1] 8674    6
  [1] 234   6
              GSM461176_untreated_single GSM461177_untreated_paired
  FBgn0010247                  508.18787                 400.861508
  FBgn0086378                  524.41447                 493.188211
  FBgn0263977                 1400.65132                 904.567951
  FBgn0069923                   20.65205                   5.843462
  FBgn0039955                  901.31433                 666.154692
  FBgn0259821                  191.03143                 176.472559
              GSM461178_untreated_paired GSM461179_treated_single
  FBgn0010247                  324.13248                994.23589
  FBgn0086378                  590.26230               1075.84641
  FBgn0263977                  956.47513               1922.55559
  FBgn0069923                   12.51038                 42.37469
  FBgn0039955                  547.04464               1081.33943
  FBgn0259821                  142.16337                438.65656
              GSM461180_treated_paired GSM461181_treated_paired
  FBgn0010247                 439.0813                291.88658
  FBgn0086378                 585.8151                453.84245
  FBgn0263977                1064.1001                823.50445
  FBgn0069923                  20.1619                 13.72507
  FBgn0039955                 518.6088                426.39231
  FBgn0259821                 348.3528                302.86664
              GSM461182_untreated_single
  FBgn0010247                  822.28940
  FBgn0086378                 1031.22178
  FBgn0263977                 1290.24905
  FBgn0069923                   28.10202
  FBgn0039955                 1064.21110
  FBgn0259821                  200.37959
  [1] "GSM461176_untreated_single" "GSM461177_untreated_paired"
  [3] "GSM461178_untreated_paired" "GSM461179_treated_single"  
  [5] "GSM461180_treated_paired"   "GSM461181_treated_paired"  
  [7] "GSM461182_untreated_single"

Command error:
  FBgn0003360 2.275876e-180
  FBgn0026562 4.218629e-171
  FBgn0025111 3.313126e-168
  FBgn0029167 1.880401e-108
  FBgn0035085  2.712733e-97
              baseMean log2FoldChange     lfcSE      stat      pvalue
  FBgn0003360 6410.646      -3.164152 0.1093839 -28.92703 5.4597e-184
                       padj
  FBgn0003360 2.275876e-180
              baseMean log2FoldChange     lfcSE      stat       pvalue
  FBgn0261552 8915.949      -1.780947 0.1510969 -11.78679 4.566332e-32
                      padj
  FBgn0261552 1.312742e-29
  [1] 8674    6
  [1] 234   6
              GSM461176_untreated_single GSM461177_untreated_paired
  FBgn0010247                  508.18787                 400.861508
  FBgn0086378                  524.41447                 493.188211
  FBgn0263977                 1400.65132                 904.567951
  FBgn0069923                   20.65205                   5.843462
  FBgn0039955                  901.31433                 666.154692
  FBgn0259821                  191.03143                 176.472559
              GSM461178_untreated_paired GSM461179_treated_single
  FBgn0010247                  324.13248                994.23589
  FBgn0086378                  590.26230               1075.84641
  FBgn0263977                  956.47513               1922.55559
  FBgn0069923                   12.51038                 42.37469
  FBgn0039955                  547.04464               1081.33943
  FBgn0259821                  142.16337                438.65656
              GSM461180_treated_paired GSM461181_treated_paired
  FBgn0010247                 439.0813                291.88658
  FBgn0086378                 585.8151                453.84245
  FBgn0263977                1064.1001                823.50445
  FBgn0069923                  20.1619                 13.72507
  FBgn0039955                 518.6088                426.39231
  FBgn0259821                 348.3528                302.86664
              GSM461182_untreated_single
  FBgn0010247                  822.28940
  FBgn0086378                 1031.22178
  FBgn0263977                 1290.24905
  FBgn0069923                   28.10202
  FBgn0039955                 1064.21110
  FBgn0259821                  200.37959
  [1] "GSM461176_untreated_single" "GSM461177_untreated_paired"
  [3] "GSM461178_untreated_paired" "GSM461179_treated_single"  
  [5] "GSM461180_treated_paired"   "GSM461181_treated_paired"  
  [7] "GSM461182_untreated_single"
  Error in color[1] : object of type 'closure' is not subsettable
  Calls: pheatmap
  Execution halted

Work dir:
  /Users/zainabusman/RNAseq/Drosophila/dseq2/work/69/f200a952bd6aedf5247a9bf2c448a7

Tip: you can replicate the issue by changing to the process work dir and entering the command `bash .command.run`
Jun-30 11:12:51.736 [main] DEBUG nextflow.Session - Session await > all processes finished
Jun-30 11:12:51.740 [TaskFinalizer-1] DEBUG nextflow.Session - Session aborted -- Cause: Process `deseqR (1)` terminated with an error exit status (1)
Jun-30 11:12:51.751 [Task monitor] DEBUG n.processor.TaskPollingMonitor - <<< barrier arrives (monitor: local) - terminating tasks monitor poll loop
Jun-30 11:12:51.751 [main] DEBUG nextflow.Session - Session await > all barriers passed
Jun-30 11:12:51.767 [main] DEBUG n.trace.WorkflowStatsObserver - Workflow completed > WorkflowStats[succeededCount=0; failedCount=1; ignoredCount=0; cachedCount=0; pendingCount=0; submittedCount=0; runningCount=0; retriesCount=0; abortedCount=0; succeedDuration=0ms; failedDuration=16.4s; cachedDuration=0ms;loadCpus=0; loadMemory=0; peakRunning=1; peakCpus=1; peakMemory=0; ]
Jun-30 11:12:51.770 [TaskFinalizer-1] DEBUG nextflow.Session - 
Thread[Task submitter,5,main]
  java.base@17.0.10/jdk.internal.misc.Unsafe.park(Native Method)
  java.base@17.0.10/java.util.concurrent.locks.LockSupport.park(LockSupport.java:341)
  java.base@17.0.10/java.util.concurrent.locks.AbstractQueuedSynchronizer$ConditionNode.block(AbstractQueuedSynchronizer.java:506)
  java.base@17.0.10/java.util.concurrent.ForkJoinPool.unmanagedBlock(ForkJoinPool.java:3465)
  java.base@17.0.10/java.util.concurrent.ForkJoinPool.managedBlock(ForkJoinPool.java:3436)
  java.base@17.0.10/java.util.concurrent.locks.AbstractQueuedSynchronizer$ConditionObject.await(AbstractQueuedSynchronizer.java:1623)
  app//nextflow.processor.TaskPollingMonitor.awaitTasks(TaskPollingMonitor.groovy:386)
  app//nextflow.processor.TaskPollingMonitor.submitLoop(TaskPollingMonitor.groovy:410)
  java.base@17.0.10/jdk.internal.reflect.NativeMethodAccessorImpl.invoke0(Native Method)
  java.base@17.0.10/jdk.internal.reflect.NativeMethodAccessorImpl.invoke(NativeMethodAccessorImpl.java:77)
  java.base@17.0.10/jdk.internal.reflect.DelegatingMethodAccessorImpl.invoke(DelegatingMethodAccessorImpl.java:43)
  java.base@17.0.10/java.lang.reflect.Method.invoke(Method.java:568)
  app//org.codehaus.groovy.reflection.CachedMethod.invoke(CachedMethod.java:343)
  app//groovy.lang.MetaMethod.doMethodInvoke(MetaMethod.java:328)
  app//groovy.lang.MetaClassImpl.doInvokeMethod(MetaClassImpl.java:1333)
  app//groovy.lang.MetaClassImpl.invokeMethod(MetaClassImpl.java:1088)
  app//groovy.lang.MetaClassImpl.invokeMethodClosure(MetaClassImpl.java:1017)
  app//groovy.lang.MetaClassImpl.doInvokeMethod(MetaClassImpl.java:1207)
  app//groovy.lang.MetaClassImpl.invokeMethod(MetaClassImpl.java:1088)
  app//groovy.lang.MetaClassImpl.invokeMethod(MetaClassImpl.java:1007)
  app//groovy.lang.Closure.call(Closure.java:433)
  app//groovy.lang.Closure.call(Closure.java:412)
  app//groovy.lang.Closure.run(Closure.java:505)
  java.base@17.0.10/java.lang.Thread.run(Thread.java:840)

Thread[Actor Thread 5,5,main]
  java.base@17.0.10/java.lang.Class.initClassName(Native Method)
  java.base@17.0.10/java.lang.Class.getName(Class.java:863)
  java.base@17.0.10/java.lang.Class.getPackageName(Class.java:1082)
  java.base@17.0.10/java.lang.ClassLoader.postDefineClass(ClassLoader.java:924)
  java.base@17.0.10/java.lang.ClassLoader.defineClass(ClassLoader.java:1018)
  java.base@17.0.10/java.security.SecureClassLoader.defineClass(SecureClassLoader.java:150)
  java.base@17.0.10/jdk.internal.loader.BuiltinClassLoader.defineClass(BuiltinClassLoader.java:862)
  java.base@17.0.10/jdk.internal.loader.BuiltinClassLoader.findClassOnClassPathOrNull(BuiltinClassLoader.java:760)
  java.base@17.0.10/jdk.internal.loader.BuiltinClassLoader.loadClassOrNull(BuiltinClassLoader.java:681)
  java.base@17.0.10/jdk.internal.loader.BuiltinClassLoader.loadClass(BuiltinClassLoader.java:639)
  java.base@17.0.10/jdk.internal.loader.ClassLoaders$AppClassLoader.loadClass(ClassLoaders.java:188)
  java.base@17.0.10/java.lang.ClassLoader.loadClass(ClassLoader.java:525)
  java.base@17.0.10/java.lang.Class.getDeclaredMethods0(Native Method)
  java.base@17.0.10/java.lang.Class.privateGetDeclaredMethods(Class.java:3402)
  java.base@17.0.10/java.lang.Class.getDeclaredMethods(Class.java:2504)
  app//org.codehaus.groovy.reflection.CachedClass$3.lambda$initValue$4(CachedClass.java:84)
  app//org.codehaus.groovy.reflection.CachedClass$3$$Lambda$18/0x0000000800113a20.run(Unknown Source)
  java.base@17.0.10/java.security.AccessController.executePrivileged(AccessController.java:776)
  java.base@17.0.10/java.security.AccessController.doPrivileged(AccessController.java:318)
  app//org.codehaus.groovy.reflection.CachedClass.doPrivileged(CachedClass.java:160)
  app//org.codehaus.groovy.reflection.CachedClass.access$000(CachedClass.java:45)
  app//org.codehaus.groovy.reflection.CachedClass$3.initValue(CachedClass.java:93)
  app//org.codehaus.groovy.reflection.CachedClass$3.initValue(CachedClass.java:77)
  app//org.codehaus.groovy.util.LazyReference.getLocked(LazyReference.java:50)
  app//org.codehaus.groovy.util.LazyReference.get(LazyReference.java:37)
  app//org.codehaus.groovy.reflection.CachedClass.getMethods(CachedClass.java:268)
  app//groovy.lang.MetaClassImpl.populateMethods(MetaClassImpl.java:394)
  app//groovy.lang.MetaClassImpl.fillMethodIndex(MetaClassImpl.java:375)
  app//groovy.lang.MetaClassImpl.reinitialize(MetaClassImpl.java:3446)
  app//groovy.lang.MetaClassImpl.initialize(MetaClassImpl.java:3441)
  app//org.codehaus.groovy.reflection.ClassInfo.getMetaClassUnderLock(ClassInfo.java:272)
  app//org.codehaus.groovy.reflection.ClassInfo.getMetaClass(ClassInfo.java:314)
  app//org.codehaus.groovy.runtime.metaclass.MetaClassRegistryImpl.getMetaClass(MetaClassRegistryImpl.java:269)
  app//org.codehaus.groovy.vmplugin.v8.Selector$InitSelector.getMetaClass(Selector.java:406)
  app//org.codehaus.groovy.vmplugin.v8.Selector$MethodSelector.setCallSiteTarget(Selector.java:1020)
  app//org.codehaus.groovy.vmplugin.v8.IndyInterface.fallback(IndyInterface.java:360)
  app//org.codehaus.groovy.vmplugin.v8.IndyInterface.access$000(IndyInterface.java:50)
  app//org.codehaus.groovy.vmplugin.v8.IndyInterface$FallbackSupplier.get(IndyInterface.java:282)
  app//org.codehaus.groovy.vmplugin.v8.IndyInterface.lambda$fromCache$1(IndyInterface.java:304)
  app//org.codehaus.groovy.vmplugin.v8.IndyInterface$$Lambda$104/0x00000008001a4ce8.provide(Unknown Source)
  app//org.codehaus.groovy.vmplugin.v8.CacheableCallSite.getAndPut(CacheableCallSite.java:70)
  app//org.codehaus.groovy.vmplugin.v8.IndyInterface.lambda$fromCache$2(IndyInterface.java:301)
  app//org.codehaus.groovy.vmplugin.v8.IndyInterface$$Lambda$103/0x00000008001a48b0.apply(Unknown Source)
  app//org.codehaus.groovy.vmplugin.v8.IndyInterface.doWithCallSite(IndyInterface.java:376)
  app//org.codehaus.groovy.vmplugin.v8.IndyInterface.fromCache(IndyInterface.java:298)
  java.base@17.0.10/java.lang.invoke.LambdaForm$DMH/0x00000008001a2000.invokeStatic(LambdaForm$DMH)
  java.base@17.0.10/java.lang.invoke.LambdaForm$MH/0x00000008001ab800.invoke(LambdaForm$MH)
  java.base@17.0.10/java.lang.invoke.Invokers$Holder.linkToCallSite(Invokers$Holder)
  app//nextflow.util.KryoHelper.newInstance(SerializationHelper.groovy:87)
  java.base@17.0.10/jdk.internal.reflect.NativeMethodAccessorImpl.invoke0(Native Method)
  java.base@17.0.10/jdk.internal.reflect.NativeMethodAccessorImpl.invoke(NativeMethodAccessorImpl.java:77)
  java.base@17.0.10/jdk.internal.reflect.DelegatingMethodAccessorImpl.invoke(DelegatingMethodAccessorImpl.java:43)
  java.base@17.0.10/java.lang.reflect.Method.invoke(Method.java:568)
  app//org.codehaus.groovy.reflection.CachedMethod.invoke(CachedMethod.java:343)
  app//groovy.lang.MetaMethod.doMethodInvoke(MetaMethod.java:328)
  app//groovy.lang.MetaClassImpl.invokeStaticMethod(MetaClassImpl.java:1586)
  app//org.codehaus.groovy.runtime.InvokerHelper.invokeMethod(InvokerHelper.java:611)
  app//org.codehaus.groovy.runtime.ScriptBytecodeAdapter.invokeMethodN(ScriptBytecodeAdapter.java:182)
  app//nextflow.util.KryoHelper$1.methodMissing(SerializationHelper.groovy)
  java.base@17.0.10/jdk.internal.reflect.NativeMethodAccessorImpl.invoke0(Native Method)
  java.base@17.0.10/jdk.internal.reflect.NativeMethodAccessorImpl.invoke(NativeMethodAccessorImpl.java:77)
  java.base@17.0.10/jdk.internal.reflect.DelegatingMethodAccessorImpl.invoke(DelegatingMethodAccessorImpl.java:43)
  java.base@17.0.10/java.lang.reflect.Method.invoke(Method.java:568)
  app//org.codehaus.groovy.reflection.CachedMethod.invoke(CachedMethod.java:343)
  app//groovy.lang.MetaClassImpl.invokeMissingMethod(MetaClassImpl.java:924)
  app//groovy.lang.MetaClassImpl.invokePropertyOrMissing(MetaClassImpl.java:1413)
  app//groovy.lang.MetaClassImpl.doInvokeMethod(MetaClassImpl.java:1335)
  app//groovy.lang.MetaClassImpl.invokeMethod(MetaClassImpl.java:1088)
  app//groovy.lang.MetaClassImpl.invokeMethod(MetaClassImpl.java:1007)
  java.base@17.0.10/java.lang.invoke.LambdaForm$DMH/0x00000008001af000.invokeInterface(LambdaForm$DMH)
  java.base@17.0.10/java.lang.invoke.LambdaForm$MH/0x000000080025f400.invoke(LambdaForm$MH)
  java.base@17.0.10/java.lang.invoke.LambdaForm$MH/0x000000080028b000.invoke(LambdaForm$MH)
  java.base@17.0.10/java.lang.invoke.LambdaForm$MH/0x0000000800248400.guardWithCatch(LambdaForm$MH)
  java.base@17.0.10/java.lang.invoke.LambdaForm$MH/0x00000008001ad800.reinvoke(LambdaForm$MH)
  java.base@17.0.10/java.lang.invoke.LambdaForm$MH/0x00000008001adc00.guard(LambdaForm$MH)
  java.base@17.0.10/java.lang.invoke.LambdaForm$MH/0x00000008001ad800.reinvoke(LambdaForm$MH)
  java.base@17.0.10/java.lang.invoke.LambdaForm$MH/0x00000008001adc00.guard(LambdaForm$MH)
  java.base@17.0.10/java.lang.invoke.LambdaForm$MH/0x00000008001ad800.reinvoke(LambdaForm$MH)
  java.base@17.0.10/java.lang.invoke.LambdaForm$MH/0x0000000800230c00.invoke(LambdaForm$MH)
  java.base@17.0.10/java.lang.invoke.LambdaForm$MH/0x00000008001b4400.invokeExact_MT(LambdaForm$MH)
  app//org.codehaus.groovy.vmplugin.v8.IndyInterface.fromCache(IndyInterface.java:321)
  java.base@17.0.10/java.lang.invoke.LambdaForm$DMH/0x00000008001a2000.invokeStatic(LambdaForm$DMH)
  java.base@17.0.10/java.lang.invoke.LambdaForm$MH/0x00000008001ab800.invoke(LambdaForm$MH)
  java.base@17.0.10/java.lang.invoke.Invokers$Holder.linkToCallSite(Invokers$Holder)
  app//nextflow.util.KryoHelper$1.initialValue(SerializationHelper.groovy:60)
  app//nextflow.util.KryoHelper$1.initialValue(SerializationHelper.groovy)
  java.base@17.0.10/java.lang.ThreadLocal.setInitialValue(ThreadLocal.java:195)
  java.base@17.0.10/java.lang.ThreadLocal.get(ThreadLocal.java:172)
  java.base@17.0.10/java.lang.invoke.DirectMethodHandle$Holder.invokeVirtual(DirectMethodHandle$Holder)
  java.base@17.0.10/java.lang.invoke.LambdaForm$MH/0x0000000800248400.guardWithCatch(LambdaForm$MH)
  java.base@17.0.10/java.lang.invoke.LambdaForm$MH/0x00000008001ad800.reinvoke(LambdaForm$MH)
  java.base@17.0.10/java.lang.invoke.LambdaForm$MH/0x00000008001adc00.guard(LambdaForm$MH)
  java.base@17.0.10/java.lang.invoke.LambdaForm$MH/0x00000008001ad800.reinvoke(LambdaForm$MH)
  java.base@17.0.10/java.lang.invoke.LambdaForm$MH/0x00000008001adc00.guard(LambdaForm$MH)
  java.base@17.0.10/java.lang.invoke.LambdaForm$MH/0x00000008001ad800.reinvoke(LambdaForm$MH)
  java.base@17.0.10/java.lang.invoke.LambdaForm$MH/0x0000000800230c00.invoke(LambdaForm$MH)
  java.base@17.0.10/java.lang.invoke.LambdaForm$MH/0x00000008001b4400.invokeExact_MT(LambdaForm$MH)
  app//org.codehaus.groovy.vmplugin.v8.IndyInterface.fromCache(IndyInterface.java:321)
  java.base@17.0.10/java.lang.invoke.LambdaForm$DMH/0x00000008001a2000.invokeStatic(LambdaForm$DMH)
  java.base@17.0.10/java.lang.invoke.LambdaForm$MH/0x00000008001ab800.invoke(LambdaForm$MH)
  java.base@17.0.10/java.lang.invoke.Invokers$Holder.linkToCallSite(Invokers$Holder)
  app//nextflow.util.KryoHelper.kryo(SerializationHelper.groovy:79)
  java.base@17.0.10/java.lang.invoke.DirectMethodHandle$Holder.invokeStatic(DirectMethodHandle$Holder)
  java.base@17.0.10/java.lang.invoke.LambdaForm$MH/0x0000000800241c00.invoke(LambdaForm$MH)
  java.base@17.0.10/java.lang.invoke.LambdaForm$MH/0x0000000800248400.guardWithCatch(LambdaForm$MH)
  java.base@17.0.10/java.lang.invoke.LambdaForm$MH/0x00000008001ad800.reinvoke(LambdaForm$MH)
  java.base@17.0.10/java.lang.invoke.LambdaForm$MH/0x00000008001adc00.guard(LambdaForm$MH)
  java.base@17.0.10/java.lang.invoke.LambdaForm$MH/0x00000008001ad800.reinvoke(LambdaForm$MH)
  java.base@17.0.10/java.lang.invoke.LambdaForm$MH/0x0000000800230c00.invoke(LambdaForm$MH)
  java.base@17.0.10/java.lang.invoke.LambdaForm$MH/0x00000008001b4400.invokeExact_MT(LambdaForm$MH)
  app//org.codehaus.groovy.vmplugin.v8.IndyInterface.fromCache(IndyInterface.java:321)
  java.base@17.0.10/java.lang.invoke.LambdaForm$DMH/0x00000008001a2000.invokeStatic(LambdaForm$DMH)
  java.base@17.0.10/java.lang.invoke.LambdaForm$MH/0x00000008001ab800.invoke(LambdaForm$MH)
  java.base@17.0.10/java.lang.invoke.Invokers$Holder.linkToCallSite(Invokers$Holder)
  app//nextflow.util.KryoHelper.serialize(SerializationHelper.groovy:166)
  app//nextflow.trace.TraceRecord.serialize(TraceRecord.groovy:573)
  app//nextflow.cache.CacheDB.writeTaskEntry0(CacheDB.groovy:147)
  java.base@17.0.10/jdk.internal.reflect.NativeMethodAccessorImpl.invoke0(Native Method)
  java.base@17.0.10/jdk.internal.reflect.NativeMethodAccessorImpl.invoke(NativeMethodAccessorImpl.java:77)
  java.base@17.0.10/jdk.internal.reflect.DelegatingMethodAccessorImpl.invoke(DelegatingMethodAccessorImpl.java:43)
  java.base@17.0.10/java.lang.reflect.Method.invoke(Method.java:568)
  app//org.codehaus.groovy.reflection.CachedMethod.invoke(CachedMethod.java:343)
  app//groovy.lang.MetaMethod.doMethodInvoke(MetaMethod.java:328)
  app//groovy.lang.MetaClassImpl.doInvokeMethod(MetaClassImpl.java:1333)
  app//groovy.lang.MetaClassImpl.invokeMethod(MetaClassImpl.java:1088)
  app//groovy.lang.MetaClassImpl.invokeMethod(MetaClassImpl.java:1007)
  app//org.codehaus.groovy.runtime.InvokerHelper.invokePogoMethod(InvokerHelper.java:645)
  app//org.codehaus.groovy.runtime.InvokerHelper.invokeMethod(InvokerHelper.java:628)
  app//org.codehaus.groovy.runtime.InvokerHelper.invokeMethodSafe(InvokerHelper.java:82)
  app//nextflow.cache.CacheDB$_putTaskAsync_closure1.doCall(CacheDB.groovy:157)
  app//nextflow.cache.CacheDB$_putTaskAsync_closure1.call(CacheDB.groovy)
  app//groovyx.gpars.agent.AgentBase.onMessage(AgentBase.java:102)
  app//groovyx.gpars.agent.Agent.handleMessage(Agent.java:84)
  app//groovyx.gpars.agent.AgentCore$1.handleMessage(AgentCore.java:48)
  app//groovyx.gpars.util.AsyncMessagingCore.run(AsyncMessagingCore.java:132)
  java.base@17.0.10/java.util.concurrent.ThreadPoolExecutor.runWorker(ThreadPoolExecutor.java:1136)
  java.base@17.0.10/java.util.concurrent.ThreadPoolExecutor$Worker.run(ThreadPoolExecutor.java:635)
  java.base@17.0.10/java.lang.Thread.run(Thread.java:840)

Thread[Common-Cleaner,8,InnocuousThreadGroup]
  java.base@17.0.10/java.lang.Object.wait(Native Method)
  java.base@17.0.10/java.lang.ref.ReferenceQueue.remove(ReferenceQueue.java:155)
  java.base@17.0.10/jdk.internal.ref.CleanerImpl.run(CleanerImpl.java:140)
  java.base@17.0.10/java.lang.Thread.run(Thread.java:840)
  java.base@17.0.10/jdk.internal.misc.InnocuousThread.run(InnocuousThread.java:162)

Thread[ForkJoinPool.commonPool-worker-1,5,main]
  java.base@17.0.10/jdk.internal.misc.Unsafe.park(Native Method)
  java.base@17.0.10/java.util.concurrent.locks.LockSupport.parkUntil(LockSupport.java:410)
  java.base@17.0.10/java.util.concurrent.ForkJoinPool.awaitWork(ForkJoinPool.java:1726)
  java.base@17.0.10/java.util.concurrent.ForkJoinPool.runWorker(ForkJoinPool.java:1623)
  java.base@17.0.10/java.util.concurrent.ForkJoinWorkerThread.run(ForkJoinWorkerThread.java:165)

Thread[ForkJoinPool.commonPool-worker-2,5,main]
  java.base@17.0.10/jdk.internal.misc.Unsafe.park(Native Method)
  java.base@17.0.10/java.util.concurrent.locks.LockSupport.park(LockSupport.java:341)
  java.base@17.0.10/java.util.concurrent.ForkJoinPool.awaitWork(ForkJoinPool.java:1724)
  java.base@17.0.10/java.util.concurrent.ForkJoinPool.runWorker(ForkJoinPool.java:1623)
  java.base@17.0.10/java.util.concurrent.ForkJoinWorkerThread.run(ForkJoinWorkerThread.java:165)

Thread[Signal Dispatcher,9,system]

Thread[main,5,main]
  java.base@17.0.10/java.math.BigDecimal$StringBuilderHelper.<clinit>(BigDecimal.java:3875)
  java.base@17.0.10/java.math.BigDecimal.layoutChars(BigDecimal.java:3991)
  java.base@17.0.10/java.math.BigDecimal.toString(BigDecimal.java:3397)
  app//org.codehaus.groovy.runtime.DefaultGroovyMethods.toDouble(DefaultGroovyMethods.java:17502)
  app//org.codehaus.groovy.runtime.DefaultGroovyMethods.asType(DefaultGroovyMethods.java:17538)
  app//nextflow.extension.Bolts.asType(Bolts.groovy:497)
  jdk.internal.reflect.GeneratedMethodAccessor9.invoke(Unknown Source)
  java.base@17.0.10/jdk.internal.reflect.DelegatingMethodAccessorImpl.invoke(DelegatingMethodAccessorImpl.java:43)
  java.base@17.0.10/java.lang.reflect.Method.invoke(Method.java:568)
  app//org.codehaus.groovy.runtime.metaclass.ReflectionMetaMethod.invoke(ReflectionMetaMethod.java:59)
  app//org.codehaus.groovy.runtime.metaclass.NewInstanceMetaMethod.invoke(NewInstanceMetaMethod.java:57)
  app//groovy.lang.MetaMethod.doMethodInvoke(MetaMethod.java:328)
  app//groovy.lang.MetaClassImpl.doInvokeMethod(MetaClassImpl.java:1333)
  app//groovy.lang.MetaClassImpl.invokeMethod(MetaClassImpl.java:1088)
  app//groovy.lang.MetaClassImpl.invokeMethod(MetaClassImpl.java:1007)
  app//groovy.runtime.metaclass.NumberDelegatingMetaClass.invokeMethod(NumberDelegatingMetaClass.java:59)
  java.base@17.0.10/java.lang.invoke.LambdaForm$DMH/0x00000008001af000.invokeInterface(LambdaForm$DMH)
  java.base@17.0.10/java.lang.invoke.LambdaForm$MH/0x0000000800260800.invoke(LambdaForm$MH)
  java.base@17.0.10/java.lang.invoke.LambdaForm$MH/0x0000000800200000.guardWithCatch(LambdaForm$MH)
  java.base@17.0.10/java.lang.invoke.LambdaForm$MH/0x0000000800200800.reinvoke(LambdaForm$MH)
  java.base@17.0.10/java.lang.invoke.LambdaForm$MH/0x0000000800200c00.guard(LambdaForm$MH)
  java.base@17.0.10/java.lang.invoke.LambdaForm$MH/0x0000000800200800.reinvoke(LambdaForm$MH)
  java.base@17.0.10/java.lang.invoke.LambdaForm$MH/0x0000000800201800.invoke(LambdaForm$MH)
  java.base@17.0.10/java.lang.invoke.LambdaForm$MH/0x00000008001b4400.invokeExact_MT(LambdaForm$MH)
  app//org.codehaus.groovy.vmplugin.v8.IndyInterface.fromCache(IndyInterface.java:321)
  java.base@17.0.10/java.lang.invoke.LambdaForm$DMH/0x00000008001a2000.invokeStatic(LambdaForm$DMH)
  java.base@17.0.10/java.lang.invoke.LambdaForm$MH/0x00000008001bd800.invoke(LambdaForm$MH)
  java.base@17.0.10/java.lang.invoke.Invokers$Holder.linkToCallSite(Invokers$Holder)
  app//nextflow.util.Duration.toString(Duration.groovy:286)
  app//org.codehaus.groovy.runtime.FormatHelper.format(FormatHelper.java:205)
  app//org.codehaus.groovy.runtime.FormatHelper.format(FormatHelper.java:145)
  app//org.codehaus.groovy.runtime.FormatHelper.toString(FormatHelper.java:79)
  app//org.codehaus.groovy.runtime.FormatHelper.write(FormatHelper.java:511)
  app//org.codehaus.groovy.runtime.GStringUtil.writeToImpl(GStringUtil.java:97)
  app//org.codehaus.groovy.runtime.GStringImpl.writeTo(GStringImpl.java:96)
  app//groovy.lang.GString.toString(GString.java:121)
  app//org.codehaus.groovy.runtime.GStringImpl.toString(GStringImpl.java:349)
  java.base@17.0.10/java.lang.String.valueOf(String.java:4220)
  java.base@17.0.10/java.lang.StringBuilder.append(StringBuilder.java:173)
  app//org.codehaus.groovy.runtime.StringGroovyMethods.plus(StringGroovyMethods.java:2177)
  app//nextflow.trace.WorkflowStats.toString(WorkflowStats.groovy:258)
  app//org.codehaus.groovy.runtime.FormatHelper.format(FormatHelper.java:205)
  app//org.codehaus.groovy.runtime.FormatHelper.format(FormatHelper.java:145)
  app//org.codehaus.groovy.runtime.FormatHelper.toString(FormatHelper.java:79)
  app//org.codehaus.groovy.runtime.FormatHelper.write(FormatHelper.java:511)
  app//org.codehaus.groovy.runtime.GStringUtil.writeToImpl(GStringUtil.java:97)
  app//org.codehaus.groovy.runtime.GStringImpl.writeTo(GStringImpl.java:96)
  app//groovy.lang.GString.toString(GString.java:121)
  app//org.codehaus.groovy.runtime.GStringImpl.toString(GStringImpl.java:349)
  app//org.codehaus.groovy.runtime.FormatHelper.format(FormatHelper.java:194)
  app//org.codehaus.groovy.runtime.FormatHelper.format(FormatHelper.java:145)
  app//org.codehaus.groovy.runtime.FormatHelper.toString(FormatHelper.java:79)
  app//org.codehaus.groovy.runtime.typehandling.DefaultTypeTransformation.castToType(DefaultTypeTransformation.java:242)
  java.base@17.0.10/java.lang.invoke.DirectMethodHandle$Holder.invokeStatic(DirectMethodHandle$Holder)
  java.base@17.0.10/java.lang.invoke.LambdaForm$MH/0x0000000800230400.invoke(LambdaForm$MH)
  java.base@17.0.10/java.lang.invoke.LambdaForm$MH/0x00000008001ad800.reinvoke(LambdaForm$MH)
  java.base@17.0.10/java.lang.invoke.LambdaForm$MH/0x00000008001adc00.guard(LambdaForm$MH)
  java.base@17.0.10/java.lang.invoke.LambdaForm$MH/0x00000008001ad800.reinvoke(LambdaForm$MH)
  java.base@17.0.10/java.lang.invoke.LambdaForm$MH/0x00000008001adc00.guard(LambdaForm$MH)
  java.base@17.0.10/java.lang.invoke.LambdaForm$MH/0x00000008001ad800.reinvoke(LambdaForm$MH)
  java.base@17.0.10/java.lang.invoke.LambdaForm$MH/0x0000000800230c00.invoke(LambdaForm$MH)
  java.base@17.0.10/java.lang.invoke.LambdaForm$MH/0x00000008001b4400.invokeExact_MT(LambdaForm$MH)
  app//org.codehaus.groovy.vmplugin.v8.IndyInterface.fromCache(IndyInterface.java:321)
  java.base@17.0.10/java.lang.invoke.LambdaForm$DMH/0x00000008001a2000.invokeStatic(LambdaForm$DMH)
  java.base@17.0.10/java.lang.invoke.LambdaForm$MH/0x00000008001ac000.invoke(LambdaForm$MH)
  java.base@17.0.10/java.lang.invoke.Invokers$Holder.linkToCallSite(Invokers$Holder)
  app//nextflow.trace.WorkflowStatsObserver.onFlowComplete(WorkflowStatsObserver.groovy:48)
  app//nextflow.Session.notifyFlowComplete(Session.groovy:1130)
  app//nextflow.Session.shutdown0(Session.groovy:741)
  app//nextflow.Session.destroy(Session.groovy:686)
  app//nextflow.script.ScriptRunner.shutdown(ScriptRunner.groovy:260)
  app//nextflow.script.ScriptRunner.execute(ScriptRunner.groovy:146)
  app//nextflow.cli.CmdRun.run(CmdRun.groovy:372)
  app//nextflow.cli.Launcher.run(Launcher.groovy:503)
  app//nextflow.cli.Launcher.main(Launcher.groovy:657)

Thread[Finalizer,8,system]
  java.base@17.0.10/java.lang.Object.wait(Native Method)
  java.base@17.0.10/java.lang.ref.ReferenceQueue.remove(ReferenceQueue.java:155)
  java.base@17.0.10/java.lang.ref.ReferenceQueue.remove(ReferenceQueue.java:176)
  java.base@17.0.10/java.lang.ref.Finalizer$FinalizerThread.run(Finalizer.java:172)

Thread[AnsiLogObserver,5,main]
  java.base@17.0.10/java.lang.Object.wait(Native Method)
  app//nextflow.trace.AnsiLogObserver.render0(AnsiLogObserver.groovy:185)
  java.base@17.0.10/jdk.internal.reflect.NativeMethodAccessorImpl.invoke0(Native Method)
  java.base@17.0.10/jdk.internal.reflect.NativeMethodAccessorImpl.invoke(NativeMethodAccessorImpl.java:77)
  java.base@17.0.10/jdk.internal.reflect.DelegatingMethodAccessorImpl.invoke(DelegatingMethodAccessorImpl.java:43)
  java.base@17.0.10/java.lang.reflect.Method.invoke(Method.java:568)
  app//org.codehaus.groovy.reflection.CachedMethod.invoke(CachedMethod.java:343)
  app//groovy.lang.MetaMethod.doMethodInvoke(MetaMethod.java:328)
  app//groovy.lang.MetaClassImpl.doInvokeMethod(MetaClassImpl.java:1333)
  app//groovy.lang.MetaClassImpl.invokeMethod(MetaClassImpl.java:1088)
  app//groovy.lang.MetaClassImpl.invokeMethodClosure(MetaClassImpl.java:1017)
  app//groovy.lang.MetaClassImpl.doInvokeMethod(MetaClassImpl.java:1207)
  app//groovy.lang.MetaClassImpl.invokeMethod(MetaClassImpl.java:1088)
  app//groovy.lang.MetaClassImpl.invokeMethod(MetaClassImpl.java:1007)
  app//groovy.lang.Closure.call(Closure.java:433)
  app//groovy.lang.Closure.call(Closure.java:412)
  app//groovy.lang.Closure.run(Closure.java:505)
  java.base@17.0.10/java.lang.Thread.run(Thread.java:840)

Thread[Notification Thread,9,system]

Thread[Actor Thread 3,5,main]
  java.base@17.0.10/jdk.internal.misc.Unsafe.park(Native Method)
  java.base@17.0.10/java.util.concurrent.locks.LockSupport.park(LockSupport.java:341)
  java.base@17.0.10/java.util.concurrent.SynchronousQueue$TransferStack$SNode.block(SynchronousQueue.java:288)
  java.base@17.0.10/java.util.concurrent.ForkJoinPool.unmanagedBlock(ForkJoinPool.java:3465)
  java.base@17.0.10/java.util.concurrent.ForkJoinPool.managedBlock(ForkJoinPool.java:3436)
  java.base@17.0.10/java.util.concurrent.SynchronousQueue$TransferStack.transfer(SynchronousQueue.java:397)
  java.base@17.0.10/java.util.concurrent.SynchronousQueue.take(SynchronousQueue.java:886)
  java.base@17.0.10/java.util.concurrent.ThreadPoolExecutor.getTask(ThreadPoolExecutor.java:1062)
  java.base@17.0.10/java.util.concurrent.ThreadPoolExecutor.runWorker(ThreadPoolExecutor.java:1122)
  java.base@17.0.10/java.util.concurrent.ThreadPoolExecutor$Worker.run(ThreadPoolExecutor.java:635)
  java.base@17.0.10/java.lang.Thread.run(Thread.java:840)

Thread[Reference Handler,10,system]
  java.base@17.0.10/java.lang.ref.Reference.waitForReferencePendingList(Native Method)
  java.base@17.0.10/java.lang.ref.Reference.processPendingReferences(Reference.java:253)
  java.base@17.0.10/java.lang.ref.Reference$ReferenceHandler.run(Reference.java:215)

Thread[PathVisitor-1,5,main]
  java.base@17.0.10/jdk.internal.misc.Unsafe.park(Native Method)
  java.base@17.0.10/java.util.concurrent.locks.LockSupport.parkNanos(LockSupport.java:252)
  java.base@17.0.10/java.util.concurrent.SynchronousQueue$TransferStack.transfer(SynchronousQueue.java:401)
  java.base@17.0.10/java.util.concurrent.SynchronousQueue.poll(SynchronousQueue.java:903)
  java.base@17.0.10/java.util.concurrent.ThreadPoolExecutor.getTask(ThreadPoolExecutor.java:1061)
  java.base@17.0.10/java.util.concurrent.ThreadPoolExecutor.runWorker(ThreadPoolExecutor.java:1122)
  java.base@17.0.10/java.util.concurrent.ThreadPoolExecutor$Worker.run(ThreadPoolExecutor.java:635)
  java.base@17.0.10/java.lang.Thread.run(Thread.java:840)

Thread[pool-2-thread-1,5,main]
  java.base@17.0.10/jdk.internal.misc.Unsafe.park(Native Method)
  java.base@17.0.10/java.util.concurrent.locks.LockSupport.park(LockSupport.java:341)
  java.base@17.0.10/java.util.concurrent.locks.AbstractQueuedSynchronizer$ConditionNode.block(AbstractQueuedSynchronizer.java:506)
  java.base@17.0.10/java.util.concurrent.ForkJoinPool.unmanagedBlock(ForkJoinPool.java:3465)
  java.base@17.0.10/java.util.concurrent.ForkJoinPool.managedBlock(ForkJoinPool.java:3436)
  java.base@17.0.10/java.util.concurrent.locks.AbstractQueuedSynchronizer$ConditionObject.await(AbstractQueuedSynchronizer.java:1623)
  java.base@17.0.10/java.util.concurrent.LinkedBlockingQueue.take(LinkedBlockingQueue.java:435)
  java.base@17.0.10/java.util.concurrent.ThreadPoolExecutor.getTask(ThreadPoolExecutor.java:1062)
  java.base@17.0.10/java.util.concurrent.ThreadPoolExecutor.runWorker(ThreadPoolExecutor.java:1122)
  java.base@17.0.10/java.util.concurrent.ThreadPoolExecutor$Worker.run(ThreadPoolExecutor.java:635)
  java.base@17.0.10/java.lang.Thread.run(Thread.java:840)

Thread[PathVisitor-2,5,main]
  java.base@17.0.10/jdk.internal.misc.Unsafe.park(Native Method)
  java.base@17.0.10/java.util.concurrent.locks.LockSupport.parkNanos(LockSupport.java:252)
  java.base@17.0.10/java.util.concurrent.SynchronousQueue$TransferStack.transfer(SynchronousQueue.java:401)
  java.base@17.0.10/java.util.concurrent.SynchronousQueue.poll(SynchronousQueue.java:903)
  java.base@17.0.10/java.util.concurrent.ThreadPoolExecutor.getTask(ThreadPoolExecutor.java:1061)
  java.base@17.0.10/java.util.concurrent.ThreadPoolExecutor.runWorker(ThreadPoolExecutor.java:1122)
  java.base@17.0.10/java.util.concurrent.ThreadPoolExecutor$Worker.run(ThreadPoolExecutor.java:635)
  java.base@17.0.10/java.lang.Thread.run(Thread.java:840)

Thread[Actor Thread 2,5,main]
  java.base@17.0.10/jdk.internal.misc.Unsafe.park(Native Method)
  java.base@17.0.10/java.util.concurrent.locks.LockSupport.park(LockSupport.java:341)
  java.base@17.0.10/java.util.concurrent.SynchronousQueue$TransferStack$SNode.block(SynchronousQueue.java:288)
  java.base@17.0.10/java.util.concurrent.ForkJoinPool.unmanagedBlock(ForkJoinPool.java:3465)
  java.base@17.0.10/java.util.concurrent.ForkJoinPool.managedBlock(ForkJoinPool.java:3436)
  java.base@17.0.10/java.util.concurrent.SynchronousQueue$TransferStack.transfer(SynchronousQueue.java:397)
  java.base@17.0.10/java.util.concurrent.SynchronousQueue.take(SynchronousQueue.java:886)
  java.base@17.0.10/java.util.concurrent.ThreadPoolExecutor.getTask(ThreadPoolExecutor.java:1062)
  java.base@17.0.10/java.util.concurrent.ThreadPoolExecutor.runWorker(ThreadPoolExecutor.java:1122)
  java.base@17.0.10/java.util.concurrent.ThreadPoolExecutor$Worker.run(ThreadPoolExecutor.java:635)
  java.base@17.0.10/java.lang.Thread.run(Thread.java:840)

Thread[Actor Thread 4,5,main]
  java.base@17.0.10/jdk.internal.misc.Unsafe.park(Native Method)
  java.base@17.0.10/java.util.concurrent.locks.LockSupport.park(LockSupport.java:341)
  java.base@17.0.10/java.util.concurrent.SynchronousQueue$TransferStack$SNode.block(SynchronousQueue.java:288)
  java.base@17.0.10/java.util.concurrent.ForkJoinPool.unmanagedBlock(ForkJoinPool.java:3465)
  java.base@17.0.10/java.util.concurrent.ForkJoinPool.managedBlock(ForkJoinPool.java:3436)
  java.base@17.0.10/java.util.concurrent.SynchronousQueue$TransferStack.transfer(SynchronousQueue.java:397)
  java.base@17.0.10/java.util.concurrent.SynchronousQueue.take(SynchronousQueue.java:886)
  java.base@17.0.10/java.util.concurrent.ThreadPoolExecutor.getTask(ThreadPoolExecutor.java:1062)
  java.base@17.0.10/java.util.concurrent.ThreadPoolExecutor.runWorker(ThreadPoolExecutor.java:1122)
  java.base@17.0.10/java.util.concurrent.ThreadPoolExecutor$Worker.run(ThreadPoolExecutor.java:635)
  java.base@17.0.10/java.lang.Thread.run(Thread.java:840)

Thread[process reaper,10,system]
  java.base@17.0.10/jdk.internal.misc.Unsafe.park(Native Method)
  java.base@17.0.10/java.util.concurrent.locks.LockSupport.parkNanos(LockSupport.java:252)
  java.base@17.0.10/java.util.concurrent.SynchronousQueue$TransferStack.transfer(SynchronousQueue.java:401)
  java.base@17.0.10/java.util.concurrent.SynchronousQueue.poll(SynchronousQueue.java:903)
  java.base@17.0.10/java.util.concurrent.ThreadPoolExecutor.getTask(ThreadPoolExecutor.java:1061)
  java.base@17.0.10/java.util.concurrent.ThreadPoolExecutor.runWorker(ThreadPoolExecutor.java:1122)
  java.base@17.0.10/java.util.concurrent.ThreadPoolExecutor$Worker.run(ThreadPoolExecutor.java:635)
  java.base@17.0.10/java.lang.Thread.run(Thread.java:840)

Thread[Actor Thread 1,5,main]
  java.base@17.0.10/jdk.internal.misc.Unsafe.park(Native Method)
  java.base@17.0.10/java.util.concurrent.locks.LockSupport.park(LockSupport.java:341)
  java.base@17.0.10/java.util.concurrent.SynchronousQueue$TransferStack$SNode.block(SynchronousQueue.java:288)
  java.base@17.0.10/java.util.concurrent.ForkJoinPool.unmanagedBlock(ForkJoinPool.java:3465)
  java.base@17.0.10/java.util.concurrent.ForkJoinPool.managedBlock(ForkJoinPool.java:3436)
  java.base@17.0.10/java.util.concurrent.SynchronousQueue$TransferStack.transfer(SynchronousQueue.java:397)
  java.base@17.0.10/java.util.concurrent.SynchronousQueue.take(SynchronousQueue.java:886)
  java.base@17.0.10/java.util.concurrent.ThreadPoolExecutor.getTask(ThreadPoolExecutor.java:1062)
  java.base@17.0.10/java.util.concurrent.ThreadPoolExecutor.runWorker(ThreadPoolExecutor.java:1122)
  java.base@17.0.10/java.util.concurrent.ThreadPoolExecutor$Worker.run(ThreadPoolExecutor.java:635)
  java.base@17.0.10/java.lang.Thread.run(Thread.java:840)

Thread[TaskFinalizer-1,5,main]
  java.base@17.0.10/java.lang.Thread.dumpThreads(Native Method)
  java.base@17.0.10/java.lang.Thread.getAllStackTraces(Thread.java:1671)
  app//nextflow.util.SysHelper.dumpThreads(SysHelper.groovy:188)
  app//nextflow.Session.abort(Session.groovy:792)
  app//nextflow.Session.fault(Session.groovy:758)
  app//nextflow.processor.TaskPollingMonitor.finalizeTask(TaskPollingMonitor.groovy:693)
  app//nextflow.processor.TaskPollingMonitor.safeFinalizeTask(TaskPollingMonitor.groovy:676)
  java.base@17.0.10/jdk.internal.reflect.NativeMethodAccessorImpl.invoke0(Native Method)
  java.base@17.0.10/jdk.internal.reflect.NativeMethodAccessorImpl.invoke(NativeMethodAccessorImpl.java:77)
  java.base@17.0.10/jdk.internal.reflect.DelegatingMethodAccessorImpl.invoke(DelegatingMethodAccessorImpl.java:43)
  java.base@17.0.10/java.lang.reflect.Method.invoke(Method.java:568)
  app//org.codehaus.groovy.reflection.CachedMethod.invoke(CachedMethod.java:343)
  app//groovy.lang.MetaMethod.doMethodInvoke(MetaMethod.java:328)
  app//groovy.lang.MetaClassImpl.doInvokeMethod(MetaClassImpl.java:1333)
  app//groovy.lang.MetaClassImpl.invokeMethod(MetaClassImpl.java:1088)
  app//groovy.lang.MetaClassImpl.invokeMethod(MetaClassImpl.java:1007)
  app//org.codehaus.groovy.runtime.InvokerHelper.invokePogoMethod(InvokerHelper.java:645)
  app//org.codehaus.groovy.runtime.InvokerHelper.invokeMethod(InvokerHelper.java:628)
  app//org.codehaus.groovy.runtime.InvokerHelper.invokeMethodSafe(InvokerHelper.java:82)
  app//nextflow.processor.TaskPollingMonitor$_checkTaskStatus_lambda8.doCall(TaskPollingMonitor.groovy:666)
  app//nextflow.processor.TaskPollingMonitor$$Lambda$399/0x00000008004f1570.run(Unknown Source)
  java.base@17.0.10/java.util.concurrent.Executors$RunnableAdapter.call(Executors.java:539)
  java.base@17.0.10/java.util.concurrent.FutureTask.run(FutureTask.java:264)
  java.base@17.0.10/java.util.concurrent.ThreadPoolExecutor.runWorker(ThreadPoolExecutor.java:1136)
  java.base@17.0.10/java.util.concurrent.ThreadPoolExecutor$Worker.run(ThreadPoolExecutor.java:635)
  java.base@17.0.10/java.lang.Thread.run(Thread.java:840)

Thread[Thread-1,5,main]
  java.base@17.0.10/jdk.internal.misc.Unsafe.park(Native Method)
  java.base@17.0.10/java.util.concurrent.locks.LockSupport.parkNanos(LockSupport.java:252)
  java.base@17.0.10/java.util.concurrent.locks.AbstractQueuedSynchronizer$ConditionObject.awaitNanos(AbstractQueuedSynchronizer.java:1672)
  java.base@17.0.10/java.util.concurrent.LinkedBlockingDeque.pollFirst(LinkedBlockingDeque.java:515)
  java.base@17.0.10/java.util.concurrent.LinkedBlockingDeque.poll(LinkedBlockingDeque.java:677)
  app//nextflow.util.SimpleAgent.run(SimpleAgent.groovy:89)
  java.base@17.0.10/jdk.internal.reflect.NativeMethodAccessorImpl.invoke0(Native Method)
  java.base@17.0.10/jdk.internal.reflect.NativeMethodAccessorImpl.invoke(NativeMethodAccessorImpl.java:77)
  java.base@17.0.10/jdk.internal.reflect.DelegatingMethodAccessorImpl.invoke(DelegatingMethodAccessorImpl.java:43)
  java.base@17.0.10/java.lang.reflect.Method.invoke(Method.java:568)
  app//org.codehaus.groovy.reflection.CachedMethod.invoke(CachedMethod.java:343)
  app//groovy.lang.MetaMethod.doMethodInvoke(MetaMethod.java:328)
  app//groovy.lang.MetaClassImpl.doInvokeMethod(MetaClassImpl.java:1333)
  app//groovy.lang.MetaClassImpl.invokeMethod(MetaClassImpl.java:1088)
  app//groovy.lang.MetaClassImpl.invokeMethodClosure(MetaClassImpl.java:1017)
  app//groovy.lang.MetaClassImpl.doInvokeMethod(MetaClassImpl.java:1207)
  app//groovy.lang.MetaClassImpl.invokeMethod(MetaClassImpl.java:1088)
  app//groovy.lang.MetaClassImpl.invokeMethod(MetaClassImpl.java:1007)
  app//groovy.lang.Closure.call(Closure.java:433)
  app//groovy.lang.Closure.call(Closure.java:412)
  app//groovy.lang.Closure.run(Closure.java:505)
  java.base@17.0.10/java.lang.Thread.run(Thread.java:840)

Jun-30 11:12:51.772 [TaskFinalizer-1] WARN  nextflow.util.SimpleAgent - Got an interrupted exception while taking agent result | java.lang.InterruptedException
Jun-30 11:12:51.965 [main] DEBUG nextflow.cache.CacheDB - Closing CacheDB done
Jun-30 11:12:51.979 [main] DEBUG nextflow.script.ScriptRunner - > Execution complete -- Goodbye
